<?xml version="1.0" encoding="UTF-8"?>
<testsuite name="SimpleBankSystemTest" tests="1" skipped="0" failures="0" errors="0" timestamp="2021-08-25T09:46:17" hostname="LAPTOP-4KFU9O35" time="0.283">
  <properties/>
  <testcase name="start" classname="SimpleBankSystemTest" time="0.283"/>
  <system-out><![CDATA[?[1;31m
Start test 1?[0m

1. Create an account
2. Log into account
0. Exit
> 1

Your card has been created
Your card number:
4000006044430092
Your card PIN:
6705

1. Create an account
2. Log into account
0. Exit
> 1

Your card has been created
Your card number:
4000007216096575
Your card PIN:
5040

1. Create an account
2. Log into account
0. Exit
> 0
Bye!
?[1;31m
Start test 2?[0m

1. Create an account
2. Log into account
0. Exit
> 1

Your card has been created
Your card number:
4000004131922051
Your card PIN:
4349

1. Create an account
2. Log into account
0. Exit
> 2

Enter your card number:
> 4000004131922051
Enter your PIN:
> 4349

You have successfully logged in!

1. Balance
2. Log out
0. Exit
> 2
You have successfully logged out!

1. Create an account
2. Log into account
0. Exit
> 0
Bye!
?[1;31m
Start test 3?[0m

1. Create an account
2. Log into account
0. Exit
> 1

Your card has been created
Your card number:
4000008236903232
Your card PIN:
1292

1. Create an account
2. Log into account
0. Exit
> 2

Enter your card number:
> 4000008236903232
Enter your PIN:
> 5540

Wrong card number or PIN!

1. Create an account
2. Log into account
0. Exit
> 0
Bye!
?[1;31m
Start test 4?[0m

1. Create an account
2. Log into account
0. Exit
> 1

Your card has been created
Your card number:
4000003994227993
Your card PIN:
9993

1. Create an account
2. Log into account
0. Exit
> 2

Enter your card number:
> 400000850119113
Enter your PIN:
> 9993

Wrong card number or PIN!

1. Create an account
2. Log into account
0. Exit
?[1;31m
Start test 5?[0m

1. Create an account
2. Log into account
0. Exit
> 1

Your card has been created
Your card number:
4000001329317439
Your card PIN:
9996

1. Create an account
2. Log into account
0. Exit
> 2

Enter your card number:
> 4000001329317439
Enter your PIN:
> 9996

You have successfully logged in!

1. Balance
2. Log out
0. Exit
> 1

Balance: 0

1. Balance
2. Log out
0. Exit
> 0
Bye!
]]></system-out>
  <system-err><![CDATA[]]></system-err>
</testsuite>
