<?xml version="1.0" encoding="UTF-8"?>
<testsuite name="SimpleBankSystemTest" tests="1" skipped="0" failures="0" errors="0" timestamp="2021-09-17T12:29:33" hostname="LAPTOP-4KFU9O35" time="0.609">
  <properties/>
  <testcase name="start" classname="SimpleBankSystemTest" time="0.609"/>
  <system-out><![CDATA[?[1;31m
Start test 1?[0m

1. Create an account
2. Log into account
0. Exit
> 0
Bye!
?[1;31m
Start test 2?[0m

1. Create an account
2. Log into account
0. Exit
> 0
Bye!
?[1;31m
Start test 3?[0m

1. Create an account
2. Log into account
0. Exit
> 0
Bye!
?[1;31m
Start test 4?[0m

1. Create an account
2. Log into account
0. Exit
> 0
Bye!
?[1;31m
Start test 5?[0m

1. Create an account
2. Log into account
0. Exit
> 1

Your card has been created
Your card number:
4000008130710945
Your card PIN:
8609

1. Create an account
2. Log into account
0. Exit
> 1

Your card has been created
Your card number:
4000000745608671
Your card PIN:
4439

1. Create an account
2. Log into account
0. Exit
> 1

Your card has been created
Your card number:
4000003647810189
Your card PIN:
5520

1. Create an account
2. Log into account
0. Exit
> 1

Your card has been created
Your card number:
4000009463095532
Your card PIN:
5097

1. Create an account
2. Log into account
0. Exit
> 1

Your card has been created
Your card number:
4000002111437842
Your card PIN:
9058

1. Create an account
2. Log into account
0. Exit
> 0
Bye!
4000008130710945
4000000745608671
4000003647810189
4000009463095532
4000002111437842
?[1;31m
Start test 6?[0m

1. Create an account
2. Log into account
0. Exit
> 1

Your card has been created
Your card number:
4000009393695641
Your card PIN:
3810

1. Create an account
2. Log into account
0. Exit
> 2

Enter your card number:
> 4000009393695641
Enter your PIN:
> 3810

You have successfully logged in!

1. Balance
2. Log out
0. Exit
> 0
Bye!
?[1;31m
Start test 7?[0m

1. Create an account
2. Log into account
0. Exit
> 1

Your card has been created
Your card number:
4000007895288758
Your card PIN:
5217

1. Create an account
2. Log into account
0. Exit
> 2

Enter your card number:
> 4000007895288758
Enter your PIN:
> 9092

Wrong card number or PIN!

1. Create an account
2. Log into account
0. Exit
> 0
Bye!
?[1;31m
Start test 8?[0m

1. Create an account
2. Log into account
0. Exit
> 1

Your card has been created
Your card number:
4000005140767105
Your card PIN:
2414

1. Create an account
2. Log into account
0. Exit
> 2

Enter your card number:
> 400000429172159
Enter your PIN:
> 2414

Wrong card number or PIN!

1. Create an account
2. Log into account
0. Exit
> 0
Bye!
?[1;31m
Start test 9?[0m

1. Create an account
2. Log into account
0. Exit
> 1

Your card has been created
Your card number:
4000007508971673
Your card PIN:
6989

1. Create an account
2. Log into account
0. Exit
> 2

Enter your card number:
> 4000007508971673
Enter your PIN:
> 6989

You have successfully logged in!

1. Balance
2. Log out
0. Exit
> 1

Balance: 0

1. Balance
2. Log out
0. Exit
> 0
Bye!
]]></system-out>
  <system-err><![CDATA[]]></system-err>
</testsuite>
